<?xml version="1.0" encoding="UTF-8"?>
<!-- Generated by org.testng.reporters.JUnitReportReporter -->
<testsuite hostname="DESKTOP-T6230QL" failures="0" tests="1" name="BanjaraRide.Ride1" time="58.595" errors="0" timestamp="2024-02-16T00:26:07 IST" skipped="0">
  <testcase classname="BanjaraRide.Ride1" name="ts" time="58.595"/>
  <system-out/>
</testsuite> <!-- BanjaraRide.Ride1 -->
